<?xml version="1.0" encoding="UTF-8"?>
<!-- Generated by org.testng.reporters.JUnitXMLReporter -->
<testsuite ignored="0" hostname="MacBookAir" failures="3" tests="6" name="ebanking Test" time="140.95" errors="0" timestamp="2022-07-12T22:55:57 IST">
  <testcase classname="com.ebanking.testCases.TC_LoginTest_001" name="LoginTest" time="5.84"/>
  <testcase classname="com.ebanking.testCases.TC_LoginDDT_002" name="loginDDT" time="6.263">
    <failure type="java.lang.AssertionError" message="expected [true] but found [false]">
      <![CDATA[java.lang.AssertionError: expected [true] but found [false]
at com.ebanking.testCases.TC_LoginDDT_002.loginDDT(TC_LoginDDT_002.java:35)
at java.base/java.util.ArrayList.forEach(ArrayList.java:1511)
... Removed 31 stack frames]]>
    </failure>
  </testcase> <!-- loginDDT -->
  <testcase classname="com.ebanking.testCases.TC_LoginDDT_002" name="loginDDT" time="5.785">
    <failure type="java.lang.AssertionError" message="expected [true] but found [false]">
      <![CDATA[java.lang.AssertionError: expected [true] but found [false]
at com.ebanking.testCases.TC_LoginDDT_002.loginDDT(TC_LoginDDT_002.java:35)
at java.base/java.util.ArrayList.forEach(ArrayList.java:1511)
... Removed 31 stack frames]]>
    </failure>
  </testcase> <!-- loginDDT -->
  <testcase classname="com.ebanking.testCases.TC_LoginDDT_002" name="loginDDT" time="6.345">
    <failure type="java.lang.AssertionError" message="expected [true] but found [false]">
      <![CDATA[java.lang.AssertionError: expected [true] but found [false]
at com.ebanking.testCases.TC_LoginDDT_002.loginDDT(TC_LoginDDT_002.java:35)
at java.base/java.util.ArrayList.forEach(ArrayList.java:1511)
... Removed 31 stack frames]]>
    </failure>
  </testcase> <!-- loginDDT -->
  <testcase classname="com.ebanking.testCases.TC_LoginDDT_002" name="loginDDT" time="11.137"/>
  <testcase classname="com.ebanking.testCases.TC_AddCustomer_003" name="addNewCustomer" time="17.638"/>
</testsuite> <!-- ebanking Test -->
